AUG 23:
    2a6c424: 6.5 sec (git) / 130 sec (all)
    bf4e4b7:   7 sec (git) / 140 sec (all)
    a8fed99:   9 sec (git) / 168 sec (all)
    b044ff6:   9 sec (git) / 174 sec (all)
    6ccd1cc:   9 sec (git) / 166 sec (all) [AbjadIDEConfiguration cache]
    051bbfb:  16 sec (git) / 250 sec (all)
    00f055c:  16 sec (git) / 260 sec (all)
    b7efc4d:  16 sec (git) / 260 sec (all)
    d082284:  16 sec (git) / 260 sec (all) [OPTIMIZATION BEGINS ...]
    404df16:  23 sec (git) / 300 sec (all) [<== BREAKPOINT]
    ccd4ff9:  20 sec (git) 
    2017988:  20 sec (git)
    45f0628:  20 sec (git)
    2a18400:  20 sec (git)
    012590f:  20 sec (git) [START OF DAY]

AUG 22:
    8c1b85b: 20 sec (git) [END OF DAY]
    183ce8b: 20 sec (git)
    ee43cae: 19.85 sec (git)
    0292e46: 19.85 sec (git) / 300 sec (all) [<== BREAKPOINT]
    9b9b373: 10.7 sec (git) / 186 sec (all)
    4d91b3c: 10.5 sec (git)
    8aa0b8a: 10.5 sec (git)
    4a67b95: 10.5 sec (git)
    fec14f5: 10.5 sec (git)
    f8d8410: 10.5 sec (git)
    ...
    8d77045: 9.75 sec (git) [START OF DAY] [<== BREAKPOINT]

AUG 21:
    48a750c: 6.75 sec (git) [END OF DAY]
    ...

AUG 19:
    50080e2: 6.75 sec (git) [END OF DAY]
    c67a68d: 6.75 sec (git)
    84dc0eba: 6.75 sec (git)  [<== BREAKPOINT]
    15e9fdc: 6 sec (git)
    25d45ed: 6 sec (git)
    94050fc: 6 sec (git) [START OF DAY]

AUG 18:
    a23662f: 6 sec (git) [END OF DAY]
    ...

AUG 17:
    1099705: 6 sec (git) [END OF DAY]
    ...

AUG 16:
    b295a31: 6 sec (git) [END OF DAY]
    ...

AUG 12:
    fab39a6: 6 sec (git) [END OF DAY]
    ...

AUG 9:
    61e46b2: 6 sec (git) / 98 sec [END OF DAY]
    ...

AUG 1:
    8b0340c: 6 sec (git) [END OF DAY]
    ...

###############################################################################
############################### PROFILER OUTPUT ###############################
###############################################################################

404df16: 23 sec (git)

Wed Aug 23 11:48:08 2017

         96272 function calls (96201 primitive calls) in 0.108 seconds

   Ordered by: cumulative time
   List reduced from 280 to 12 due to restriction <12>

   ncalls  tottime  percall  cumtime  percall filename:lineno(function)
      8/1    0.000    0.000    0.108    0.108 {built-in method builtins.exec}
        1    0.000    0.000    0.108    0.108 AbjadIDE.py:2279(_start)
        1    0.000    0.000    0.102    0.102 AbjadIDE.py:1762(_manage_directory)
        1    0.000    0.000    0.073    0.073 AbjadIDE.py:1385(_make_main_menu)
  305/241    0.002    0.000    0.068    0.000 AbjadIDE.py:1044(_is_score_directory)
        1    0.000    0.000    0.057    0.057 AbjadIDE.py:1299(_make_command_menu_sections)
      369    0.002    0.000    0.051    0.000 AbjadIDE.py:2528(_to_scores_directory)
     3465    0.006    0.000    0.038    0.000 pathlib.py:629(_parse_args)
     1987    0.003    0.000    0.032    0.000 pathlib.py:966(__new__)
     3469    0.018    0.000    0.031    0.000 pathlib.py:51(parse_parts)
     1987    0.003    0.000    0.029    0.000 pathlib.py:646(_from_parts)
        1    0.000    0.000    0.028    0.028 Menu.py:513(_run)

######################### _to_scores_directory() redo #########################

16 sec (git) / 254 sec (all) test time with ...

Wed Aug 23 11:55:18 2017

         55697 function calls (55626 primitive calls) in 0.077 seconds

   Ordered by: cumulative time
   List reduced from 280 to 12 due to restriction <12>

   ncalls  tottime  percall  cumtime  percall filename:lineno(function)
      8/1    0.000    0.000    0.077    0.077 {built-in method builtins.exec}
        1    0.000    0.000    0.077    0.077 AbjadIDE.py:2279(_start)
        1    0.000    0.000    0.071    0.071 AbjadIDE.py:1762(_manage_directory)
        1    0.000    0.000    0.045    0.045 AbjadIDE.py:1385(_make_main_menu)
  305/241    0.002    0.000    0.039    0.000 AbjadIDE.py:1044(_is_score_directory)
        1    0.000    0.000    0.030    0.030 AbjadIDE.py:1299(_make_command_menu_sections)
        1    0.000    0.000    0.025    0.025 Menu.py:513(_run)
        2    0.000    0.000    0.024    0.012 Menu.py:494(_redraw)
      369    0.002    0.000    0.022    0.000 AbjadIDE.py:2528(_to_scores_directory)
     1287    0.002    0.000    0.021    0.000 pathlib.py:966(__new__)
     1772    0.003    0.000    0.020    0.000 pathlib.py:629(_parse_args)
     1287    0.002    0.000    0.019    0.000 pathlib.py:646(_from_parts)

################### AbjadIDEConfigurations property caching ###################

9 sec (git) / 166 sec (all) test time, with profiler output ...

Wed Aug 23 13:11:09 2017

         26247 function calls (26176 primitive calls) in 0.056 seconds

   Ordered by: cumulative time
   List reduced from 279 to 12 due to restriction <12>

   ncalls  tottime  percall  cumtime  percall filename:lineno(function)
      8/1    0.000    0.000    0.056    0.056 {built-in method builtins.exec}
        1    0.000    0.000    0.056    0.056 AbjadIDE.py:2250(_start)
        1    0.000    0.000    0.050    0.050 AbjadIDE.py:1739(_manage_directory)
        1    0.000    0.000    0.027    0.027 Menu.py:513(_run)
        2    0.000    0.000    0.025    0.013 Menu.py:494(_redraw)
        1    0.000    0.000    0.023    0.023 AbjadIDE.py:1366(_make_main_menu)
        3    0.000    0.000    0.018    0.006 IOManager.py:139(clear_terminal)
        3    0.000    0.000    0.017    0.006 IOManager.py:685(spawn_subprocess)
        3    0.001    0.000    0.017    0.006 subprocess.py:239(call)
  305/241    0.002    0.000    0.017    0.000 AbjadIDE.py:1031(_is_score_directory)
        1    0.000    0.000    0.015    0.015 AbjadIDE.py:1282(_make_command_menu_sections)
        2    0.000    0.000    0.011    0.006 Menu.py:288(_make_bicolumnar)

############################## after optimization #############################

6.5 sec (git) / 130 sec (all) test time, with profiler ...

Wed Aug 23 14:36:08 2017

         14890 function calls (14819 primitive calls) in 0.044 seconds

   Ordered by: cumulative time
   List reduced from 276 to 24 due to restriction <24>

   ncalls  tottime  percall  cumtime  percall filename:lineno(function)
      8/1    0.000    0.000    0.044    0.044 {built-in method builtins.exec}
        1    0.000    0.000    0.044    0.044 AbjadIDE.py:2225(_start)
        1    0.000    0.000    0.038    0.038 AbjadIDE.py:1717(_manage_directory)
        1    0.000    0.000    0.027    0.027 Menu.py:513(_run)
        2    0.000    0.000    0.026    0.013 Menu.py:494(_redraw)
        3    0.000    0.000    0.017    0.006 IOManager.py:139(clear_terminal)
        3    0.000    0.000    0.017    0.006 IOManager.py:685(spawn_subprocess)
        3    0.000    0.000    0.017    0.006 subprocess.py:239(call)
        2    0.000    0.000    0.012    0.006 Menu.py:288(_make_bicolumnar)
        6    0.000    0.000    0.011    0.002 subprocess.py:1349(wait)
        1    0.000    0.000    0.010    0.010 AbjadIDE.py:1347(_make_main_menu)
        3    0.000    0.000    0.010    0.003 subprocess.py:1336(_try_wait)
        7    0.010    0.001    0.010    0.001 {built-in method posix.waitpid}
        5    0.001    0.000    0.010    0.002 subprocess.py:563(__init__)
        5    0.001    0.000    0.008    0.002 subprocess.py:1159(_execute_child)
        1    0.000    0.000    0.007    0.007 Menu.py:425(_make_lines)
        1    0.000    0.000    0.007    0.007 Menu.py:275(_make_asset_lines)
        9    0.006    0.001    0.007    0.001 {method 'read' of '_io.TextIOWrapper' objects}
        1    0.000    0.000    0.006    0.006 Menu.py:385(_make_help_lines)
  305/241    0.001    0.000    0.005    0.000 AbjadIDE.py:1015(_is_score_directory)
        1    0.000    0.000    0.005    0.005 AbjadIDE.py:1263(_make_command_menu_sections)
        5    0.005    0.001    0.005    0.001 {built-in method posix.read}
        2    0.001    0.000    0.005    0.002 os.py:1023(popen)
        1    0.000    0.000    0.004    0.004 AbjadIDE.py:1150(_list_visible_paths)
